Using pre-set license
Built from '2020.3/release' branch; Version is '2020.3.12f1 (b3b2c6512326) revision 11776710'; Using compiler version '192528614'; Build Type 'Release'
OS: 'Windows 10 Pro; OS build 26100.4349; Version 2009; 64bit' Language: 'en' Physical Memory: 16213 MB
BatchMode: 1, IsHumanControllingUs: 0, StartBugReporterOnCrash: 0, Is64bit: 1, IsPro: 0

 COMMAND LINE ARGUMENTS:
C:\Program Files\Unity\Hub\Editor\2020.3.12f1\Editor\Unity.exe
-adb2
-batchMode
-noUpm
-name
AssetImportWorker0
-projectPath
D:/Games/Baldi's Basics/Baldi's Basics Decompiles/Baldi's Simplified Open Source
-logFile
Logs/AssetImportWorker0.log
-srvPort
59592
Successfully changed project path to: D:/Games/Baldi's Basics/Baldi's Basics Decompiles/Baldi's Simplified Open Source
D:/Games/Baldi's Basics/Baldi's Basics Decompiles/Baldi's Simplified Open Source
Using Asset Import Pipeline V2.
Refreshing native plugins compatible for Editor in 19.83 ms, found 2 plugins.
Preloading 0 native plugins for Editor in 0.00 ms.
Initialize engine version: 2020.3.12f1 (b3b2c6512326)
[Subsystems] Discovering subsystems at path C:/Program Files/Unity/Hub/Editor/2020.3.12f1/Editor/Data/Resources/UnitySubsystems
[Subsystems] Discovering subsystems at path D:/Games/Baldi's Basics/Baldi's Basics Decompiles/Baldi's Simplified Open Source/Assets
GfxDevice: creating device client; threaded=0
Direct3D:
    Version:  Direct3D 11.0 [level 11.1]
    Renderer: NVIDIA GeForce RTX 4060 (ID=0x2882)
    Vendor:   
    VRAM:     7957 MB
    Driver:   32.0.15.7680
Initialize mono
Mono path[0] = 'C:/Program Files/Unity/Hub/Editor/2020.3.12f1/Editor/Data/Managed'
Mono path[1] = 'C:/Program Files/Unity/Hub/Editor/2020.3.12f1/Editor/Data/MonoBleedingEdge/lib/mono/unityjit'
Mono config path = 'C:/Program Files/Unity/Hub/Editor/2020.3.12f1/Editor/Data/MonoBleedingEdge/etc'
Using monoOptions --debugger-agent=transport=dt_socket,embedding=1,server=y,suspend=n,address=127.0.0.1:56264
Begin MonoManager ReloadAssembly
Registering precompiled unity dll's ...
Register platform support module: C:/Program Files/Unity/Hub/Editor/2020.3.12f1/Editor/Data/PlaybackEngines/WindowsStandaloneSupport/UnityEditor.WindowsStandalone.Extensions.dll
Registered in 0.001004 seconds.
Native extension for WindowsStandalone target not found
Refreshing native plugins compatible for Editor in 19.88 ms, found 2 plugins.
Preloading 0 native plugins for Editor in 0.00 ms.
Mono: successfully reloaded assembly
- Completed reload, in  0.538 seconds
Platform modules already initialized, skipping
Registering precompiled user dll's ...
Registered in 0.000996 seconds.
Begin MonoManager ReloadAssembly
Native extension for WindowsStandalone target not found
Refreshing native plugins compatible for Editor in 0.23 ms, found 2 plugins.
Preloading 0 native plugins for Editor in 0.00 ms.
Mono: successfully reloaded assembly
- Completed reload, in  0.549 seconds
Platform modules already initialized, skipping
========================================================================
Worker process is ready to serve import requests
Launched and connected shader compiler UnityShaderCompiler.exe after 0.02 seconds
Refreshing native plugins compatible for Editor in 0.42 ms, found 2 plugins.
Preloading 0 native plugins for Editor in 0.00 ms.
Unloading 1479 Unused Serialized files (Serialized files now loaded: 0)
System memory in use before: 73.8 MB.
System memory in use after: 73.9 MB.

Unloading 15 unused Assets to reduce memory usage. Loaded Objects now: 1921.
Total: 2.076100 ms (FindLiveObjects: 0.215100 ms CreateObjectMapping: 0.044400 ms MarkObjects: 1.781800 ms  DeleteObjects: 0.031700 ms)

AssetImportParameters requested are different than current active one (requested -> active):
  custom:framework-win-MediaFoundation: 216162199b28c13a410421893ffa2e32 -> 
  custom:video-decoder-ogg-theora: a1e56fd34408186e4bbccfd4996cb3dc -> 
  custom:container-muxer-webm: aa71ff27fc2769a1b78a27578f13a17b -> 
  custom:container-demuxer-webm: 4f35f7cbe854078d1ac9338744f61a02 -> 
  custom:container-demuxer-ogg: 62fdf1f143b41e24485cea50d1cbac27 -> 
  custom:video-encoder-webm-vp8: eb34c28f22e8b96e1ab97ce403110664 -> 
  custom:video-codec-MediaFoundation-h265: 746d11721c4dcdbdad8f713fa42b33f4 -> 
  custom:video-decoder-webm-vp8: 9c59270c3fd7afecdb556c50c9e8de78 -> 
  custom:audio-decoder-ogg-vorbis: bf7c407c2cedff20999df2af8eb42d56 -> 
  custom:audio-encoder-webm-vorbis: bf7c407c2cedff20999df2af8eb42d56 -> 
========================================================================
Received Import Request.
  path: Assets/Scenes
  artifactKey: Guid(3a52accf72ff43948a13dcd55360addc) Importer(815301076,1909f56bfc062723c751e8b465ee728b)
Start importing Assets/Scenes using Guid(3a52accf72ff43948a13dcd55360addc) Importer(815301076,1909f56bfc062723c751e8b465ee728b)  -> (artifact id: '7c838fb0ac3c646bda5910b61c476d82') in 0.009926 seconds 
  Import took 0.011860 seconds .

========================================================================
Received Import Request.
  Time since last request: 0.208768 seconds.
  path: Assets/Scenes/StartUp.unity
  artifactKey: Guid(32d5bccae6fc0f246ac3457abd8a565d) Importer(815301076,1909f56bfc062723c751e8b465ee728b)
Start importing Assets/Scenes/StartUp.unity using Guid(32d5bccae6fc0f246ac3457abd8a565d) Importer(815301076,1909f56bfc062723c751e8b465ee728b)  -> (artifact id: '3fa3d66885daa4d95a012d9a7de8b3b9') in 0.010408 seconds 
  Import took 0.011970 seconds .

========================================================================
Received Import Request.
  Time since last request: 5.109082 seconds.
  path: Assets/Textures
  artifactKey: Guid(abbff2fead4b1f740bafd70a0cc18d8a) Importer(815301076,1909f56bfc062723c751e8b465ee728b)
Start importing Assets/Textures using Guid(abbff2fead4b1f740bafd70a0cc18d8a) Importer(815301076,1909f56bfc062723c751e8b465ee728b)  -> (artifact id: '67fbb3b5f7547523f1795a94293d482b') in 0.008781 seconds 
  Import took 0.010299 seconds .

========================================================================
Received Import Request.
  Time since last request: 1.755930 seconds.
  path: Assets/Textures/SchoolHouse
  artifactKey: Guid(709b84b5e29bfd34fb4cbfaa15aa1bde) Importer(815301076,1909f56bfc062723c751e8b465ee728b)
Start importing Assets/Textures/SchoolHouse using Guid(709b84b5e29bfd34fb4cbfaa15aa1bde) Importer(815301076,1909f56bfc062723c751e8b465ee728b)  -> (artifact id: 'a2ff1a2afe3feadbcdc82b532257630f') in 0.008173 seconds 
  Import took 0.009697 seconds .

========================================================================
Received Import Request.
  Time since last request: 36.181651 seconds.
  path: Assets/Textures/SchoolHouse/LockerTextures
  artifactKey: Guid(c8bac3e7d22e5be41aeccee4f0a0346c) Importer(815301076,1909f56bfc062723c751e8b465ee728b)
Start importing Assets/Textures/SchoolHouse/LockerTextures using Guid(c8bac3e7d22e5be41aeccee4f0a0346c) Importer(815301076,1909f56bfc062723c751e8b465ee728b)  -> (artifact id: 'd63042fdf2144dc57aafe99741718549') in 0.008159 seconds 
  Import took 0.009884 seconds .

========================================================================
Received Import Request.
  Time since last request: 0.561411 seconds.
  path: Assets/Textures/SchoolHouse/LockerTextures/Locker.png
  artifactKey: Guid(0dcc20a651bea5b43bc11c328f4b3d05) Importer(815301076,1909f56bfc062723c751e8b465ee728b)
Start importing Assets/Textures/SchoolHouse/LockerTextures/Locker.png using Guid(0dcc20a651bea5b43bc11c328f4b3d05) Importer(815301076,1909f56bfc062723c751e8b465ee728b)  -> (artifact id: '08865d2849d1f43dc031fd203edffc8b') in 0.034506 seconds 
  Import took 0.036149 seconds .

========================================================================
Received Import Request.
  Time since last request: 0.000130 seconds.
  path: Assets/Textures/SchoolHouse/LockerTextures/Locker_Side.png
  artifactKey: Guid(bbd32ea938ce9164d8539e9fe5c5470d) Importer(815301076,1909f56bfc062723c751e8b465ee728b)
Start importing Assets/Textures/SchoolHouse/LockerTextures/Locker_Side.png using Guid(bbd32ea938ce9164d8539e9fe5c5470d) Importer(815301076,1909f56bfc062723c751e8b465ee728b)  -> (artifact id: '9681c79304da254dbcb62ae65f8271a6') in 0.009367 seconds 
  Import took 0.010954 seconds .

========================================================================
Received Import Request.
  Time since last request: 1147.551592 seconds.
  path: Assets/Textures/Characters/1PrizeSprites.png
  artifactKey: Guid(ddd45ab4742d14c44ac0bacf0bddbc79) Importer(815301076,1909f56bfc062723c751e8b465ee728b)
Start importing Assets/Textures/Characters/1PrizeSprites.png using Guid(ddd45ab4742d14c44ac0bacf0bddbc79) Importer(815301076,1909f56bfc062723c751e8b465ee728b)  -> (artifact id: 'f53e2aaf7bf41fa423cb4a9d6db463e4') in 0.064138 seconds 
  Import took 0.066318 seconds .

========================================================================
Received Import Request.
  Time since last request: 0.000142 seconds.
  path: Assets/Textures/Characters/bully_final.png
  artifactKey: Guid(e6e6d684295988746bbc83eaf8546035) Importer(815301076,1909f56bfc062723c751e8b465ee728b)
Start importing Assets/Textures/Characters/bully_final.png using Guid(e6e6d684295988746bbc83eaf8546035) Importer(815301076,1909f56bfc062723c751e8b465ee728b)  -> (artifact id: 'e68273c2ec8a51d3eee22bfe13e08b9d') in 0.009796 seconds 
  Import took 0.011447 seconds .

========================================================================
Received Import Request.
  Time since last request: 0.000135 seconds.
  path: Assets/Textures/Characters/GottaSweep_Sprite.png
  artifactKey: Guid(f205c261ce2f26e49953a0701967dcd9) Importer(815301076,1909f56bfc062723c751e8b465ee728b)
Start importing Assets/Textures/Characters/GottaSweep_Sprite.png using Guid(f205c261ce2f26e49953a0701967dcd9) Importer(815301076,1909f56bfc062723c751e8b465ee728b)  -> (artifact id: '7fce110e18e7750cfeb8515b76deb9f3') in 0.040751 seconds 
  Import took 0.042400 seconds .

========================================================================
Received Import Request.
  Time since last request: 0.000138 seconds.
  path: Assets/Textures/Characters/null.png
  artifactKey: Guid(24e391355d0a6f844b31a117c64aa59d) Importer(815301076,1909f56bfc062723c751e8b465ee728b)
Start importing Assets/Textures/Characters/null.png using Guid(24e391355d0a6f844b31a117c64aa59d) Importer(815301076,1909f56bfc062723c751e8b465ee728b)  -> (artifact id: '30b08d4ccb81cb77f47c4323b9492b16') in 0.024843 seconds 
  Import took 0.026465 seconds .

========================================================================
Received Import Request.
  Time since last request: 0.000133 seconds.
  path: Assets/Textures/Characters/Spr_Principal.png
  artifactKey: Guid(401d94b19f8d41e43bdc9dd11f22ad28) Importer(815301076,1909f56bfc062723c751e8b465ee728b)
Start importing Assets/Textures/Characters/Spr_Principal.png using Guid(401d94b19f8d41e43bdc9dd11f22ad28) Importer(815301076,1909f56bfc062723c751e8b465ee728b)  -> (artifact id: '93b0fe84a12a92ebacda69665e89a71e') in 0.012520 seconds 
  Import took 0.014159 seconds .

========================================================================
Received Import Request.
  Time since last request: 0.000123 seconds.
  path: Assets/Textures/Characters/Spr_Playtime_Sheet.png
  artifactKey: Guid(7616dd2b68207114a982ab8a8fa0c757) Importer(815301076,1909f56bfc062723c751e8b465ee728b)
Start importing Assets/Textures/Characters/Spr_Playtime_Sheet.png using Guid(7616dd2b68207114a982ab8a8fa0c757) Importer(815301076,1909f56bfc062723c751e8b465ee728b)  -> (artifact id: 'd079f2ac7b964618349f2aedd7463b91') in 0.066997 seconds 
  Import took 0.068645 seconds .

========================================================================
Received Import Request.
  Time since last request: 0.000133 seconds.
  path: Assets/Textures/Characters/CraftersSprites.png
  artifactKey: Guid(eb7b8d8395f4cd74999c0afdfbaf9385) Importer(815301076,1909f56bfc062723c751e8b465ee728b)
Start importing Assets/Textures/Characters/CraftersSprites.png using Guid(eb7b8d8395f4cd74999c0afdfbaf9385) Importer(815301076,1909f56bfc062723c751e8b465ee728b)  -> (artifact id: 'c20dc83025eebbe7e4f5ccd10298bab2') in 0.019651 seconds 
  Import took 0.021268 seconds .

========================================================================
Received Import Request.
  Time since last request: 0.000120 seconds.
  path: Assets/Textures/Characters/PlaceFace.png
  artifactKey: Guid(6375214fa229abd4fa03c52344071e9c) Importer(815301076,1909f56bfc062723c751e8b465ee728b)
Start importing Assets/Textures/Characters/PlaceFace.png using Guid(6375214fa229abd4fa03c52344071e9c) Importer(815301076,1909f56bfc062723c751e8b465ee728b)  -> (artifact id: '48f8d83bfae78dec91978fd67b622f19') in 0.009870 seconds 
  Import took 0.011495 seconds .

========================================================================
Received Import Request.
  Time since last request: 159.597377 seconds.
  path: Assets/Scenes/MainMenu.unity
  artifactKey: Guid(cf2e73c1a2ff8ee48adfd5c4f432e67d) Importer(815301076,1909f56bfc062723c751e8b465ee728b)
Start importing Assets/Scenes/MainMenu.unity using Guid(cf2e73c1a2ff8ee48adfd5c4f432e67d) Importer(815301076,1909f56bfc062723c751e8b465ee728b)  -> (artifact id: '86211d753d1c60839cea81cf665c5d4e') in 0.006988 seconds 
  Import took 0.009107 seconds .

AssetImportWorkerClient::OnTransportError - code=2 error=End of file
